<?xml version="1.0" encoding="UTF-8"?>
<testsuite name="com.karta.layout.SimpleLayoutEngineTest" tests="7" skipped="0" failures="0" errors="0" timestamp="2026-05-18T20:27:26.212Z" hostname="DEVERSITY-WORK1" time="0.079">
  <properties/>
  <testcase name="assignsPositiveCoordinates()" classname="com.karta.layout.SimpleLayoutEngineTest" time="0.03"/>
  <testcase name="handlesEmptyGraph()" classname="com.karta.layout.SimpleLayoutEngineTest" time="0.002"/>
  <testcase name="siblingsOnSameRowHaveDifferentX()" classname="com.karta.layout.SimpleLayoutEngineTest" time="0.002"/>
  <testcase name="returnsGraphInstance()" classname="com.karta.layout.SimpleLayoutEngineTest" time="0.001"/>
  <testcase name="rootNodeIsOnHigherRowThanChild()" classname="com.karta.layout.SimpleLayoutEngineTest" time="0.001"/>
  <testcase name="handlesGraphWithNoEdges()" classname="com.karta.layout.SimpleLayoutEngineTest" time="0.006"/>
  <testcase name="assignsCoordinatesToSingleNode()" classname="com.karta.layout.SimpleLayoutEngineTest" time="0.001"/>
  <system-out><![CDATA[]]></system-out>
  <system-err><![CDATA[]]></system-err>
</testsuite>
