<?xml version="1.0" encoding="UTF-8"?>
<testsuite name="com.karta.input.integration.ExceptionFlowIntegrationTest" tests="12" skipped="0" failures="0" errors="0" timestamp="2026-05-18T20:27:24.242Z" hostname="DEVERSITY-WORK1" time="0.023">
  <properties/>
  <testcase name="processOrderMethodNodePresent()" classname="com.karta.input.integration.ExceptionFlowIntegrationTest" time="0.003"/>
  <testcase name="catchBoundaryGroupContainsCheckStock()" classname="com.karta.input.integration.ExceptionFlowIntegrationTest" time="0.001"/>
  <testcase name="submitOrderPropagatesExceptionOutOfScope()" classname="com.karta.input.integration.ExceptionFlowIntegrationTest" time="0.001"/>
  <testcase name="cancelStillCallsReleaseStock()" classname="com.karta.input.integration.ExceptionFlowIntegrationTest" time="0.0"/>
  <testcase name="exceptionTypeNodePresentForUncaughtPropagation()" classname="com.karta.input.integration.ExceptionFlowIntegrationTest" time="0.0"/>
  <testcase name="submitStillCallsReserveStock()" classname="com.karta.input.integration.ExceptionFlowIntegrationTest" time="0.0"/>
  <testcase name="orderProcessorClassNodePresent()" classname="com.karta.input.integration.ExceptionFlowIntegrationTest" time="0.001"/>
  <testcase name="catchBoundaryGroupExistsForProcessOrder()" classname="com.karta.input.integration.ExceptionFlowIntegrationTest" time="0.0"/>
  <testcase name="catchBoundaryGroupLabelMentionsInventoryException()" classname="com.karta.input.integration.ExceptionFlowIntegrationTest" time="0.001"/>
  <testcase name="submitOrderMethodNodePresent()" classname="com.karta.input.integration.ExceptionFlowIntegrationTest" time="0.001"/>
  <testcase name="processOrderPropagatesExceptionToSubmitOrder()" classname="com.karta.input.integration.ExceptionFlowIntegrationTest" time="0.001"/>
  <testcase name="submitStillCallsCheckStock()" classname="com.karta.input.integration.ExceptionFlowIntegrationTest" time="0.003"/>
  <system-out><![CDATA[]]></system-out>
  <system-err><![CDATA[]]></system-err>
</testsuite>
