<?xml version="1.0" encoding="UTF-8"?>
<testsuite name="com.karta.input.integration.ModuleDiagramIntegrationTest" tests="6" skipped="0" failures="0" errors="0" timestamp="2026-05-18T20:27:24.270Z" hostname="DEVERSITY-WORK1" time="0.007">
  <properties/>
  <testcase name="extractsExportsEdges()" classname="com.karta.input.integration.ModuleDiagramIntegrationTest" time="0.0"/>
  <testcase name="extractsShippingModuleNode()" classname="com.karta.input.integration.ModuleDiagramIntegrationTest" time="0.001"/>
  <testcase name="extractsRequiresEdges()" classname="com.karta.input.integration.ModuleDiagramIntegrationTest" time="0.0"/>
  <testcase name="extractsExportedPackageNodes()" classname="com.karta.input.integration.ModuleDiagramIntegrationTest" time="0.001"/>
  <testcase name="graphContainsExpectedNodeCount()" classname="com.karta.input.integration.ModuleDiagramIntegrationTest" time="0.001"/>
  <testcase name="extractsRequiredModuleNodes()" classname="com.karta.input.integration.ModuleDiagramIntegrationTest" time="0.001"/>
  <system-out><![CDATA[]]></system-out>
  <system-err><![CDATA[]]></system-err>
</testsuite>
