<?xml version="1.0" encoding="UTF-8"?>
<testsuite name="com.karta.input.integration.ClassDiagramIntegrationTest" tests="6" skipped="0" failures="0" errors="0" timestamp="2026-05-18T20:27:24.192Z" hostname="DEVERSITY-WORK1" time="0.037">
  <properties/>
  <testcase name="noSpuriousInheritanceEdges()" classname="com.karta.input.integration.ClassDiagramIntegrationTest" time="0.008"/>
  <testcase name="cargoIsClass()" classname="com.karta.input.integration.ClassDiagramIntegrationTest" time="0.0"/>
  <testcase name="expressCargoExtendsCargo()" classname="com.karta.input.integration.ClassDiagramIntegrationTest" time="0.001"/>
  <testcase name="expressCargoIsClass()" classname="com.karta.input.integration.ClassDiagramIntegrationTest" time="0.0"/>
  <testcase name="cargoImplementsShippingUnit()" classname="com.karta.input.integration.ClassDiagramIntegrationTest" time="0.001"/>
  <testcase name="shippingUnitIsInterface()" classname="com.karta.input.integration.ClassDiagramIntegrationTest" time="0.001"/>
  <system-out><![CDATA[]]></system-out>
  <system-err><![CDATA[]]></system-err>
</testsuite>
