<?xml version="1.0" encoding="UTF-8"?>
<testsuite name="com.karta.core.model.GraphTest" tests="9" skipped="0" failures="0" errors="0" timestamp="2026-05-18T20:27:20.655Z" hostname="DEVERSITY-WORK1" time="0.144">
  <properties/>
  <testcase name="addEdgeAppendsEdge()" classname="com.karta.core.model.GraphTest" time="0.003"/>
  <testcase name="addNodeAppendsNode()" classname="com.karta.core.model.GraphTest" time="0.002"/>
  <testcase name="findNodeReturnsCorrectNode()" classname="com.karta.core.model.GraphTest" time="0.007"/>
  <testcase name="startsEmpty()" classname="com.karta.core.model.GraphTest" time="0.001"/>
  <testcase name="addGroupAppendsGroup()" classname="com.karta.core.model.GraphTest" time="0.006"/>
  <testcase name="addNodeIfAbsentAddsNewId()" classname="com.karta.core.model.GraphTest" time="0.005"/>
  <testcase name="findNodeReturnsNullForMissingId()" classname="com.karta.core.model.GraphTest" time="0.004"/>
  <testcase name="addNodeIfAbsentSkipsDuplicateId()" classname="com.karta.core.model.GraphTest" time="0.001"/>
  <testcase name="jsonRoundTripPreservesStructure()" classname="com.karta.core.model.GraphTest" time="0.1"/>
  <system-out><![CDATA[]]></system-out>
  <system-err><![CDATA[]]></system-err>
</testsuite>
