<?xml version="1.0" encoding="UTF-8"?>
<testsuite name="com.karta.core.model.GroupTest" tests="4" skipped="0" failures="0" errors="0" timestamp="2026-05-18T20:27:20.804Z" hostname="DEVERSITY-WORK1" time="0.024">
  <properties/>
  <testcase name="propertiesCanBeSet()" classname="com.karta.core.model.GroupTest" time="0.001"/>
  <testcase name="constructorSetsFields()" classname="com.karta.core.model.GroupTest" time="0.001"/>
  <testcase name="addMemberAppendsMemberId()" classname="com.karta.core.model.GroupTest" time="0.001"/>
  <testcase name="jsonRoundTrip()" classname="com.karta.core.model.GroupTest" time="0.013"/>
  <system-out><![CDATA[]]></system-out>
  <system-err><![CDATA[]]></system-err>
</testsuite>
