<?xml version="1.0" encoding="UTF-8"?>
<testsuite name="com.karta.core.model.NodeTest" tests="7" skipped="0" failures="0" errors="0" timestamp="2026-05-18T20:27:20.831Z" hostname="DEVERSITY-WORK1" time="0.078">
  <properties/>
  <testcase name="propertiesCanBeAdded()" classname="com.karta.core.model.NodeTest" time="0.007"/>
  <testcase name="layoutCoordinatesAreNullBeforeLayout()" classname="com.karta.core.model.NodeTest" time="0.004"/>
  <testcase name="jsonSerializationOmitsNullFields()" classname="com.karta.core.model.NodeTest" time="0.01"/>
  <testcase name="constructorSetsFields()" classname="com.karta.core.model.NodeTest" time="0.006"/>
  <testcase name="jsonRoundTrip()" classname="com.karta.core.model.NodeTest" time="0.027"/>
  <testcase name="defaultConstructorProducesNullFields()" classname="com.karta.core.model.NodeTest" time="0.002"/>
  <testcase name="layoutCoordinatesCanBeSet()" classname="com.karta.core.model.NodeTest" time="0.001"/>
  <system-out><![CDATA[]]></system-out>
  <system-err><![CDATA[]]></system-err>
</testsuite>
