<?xml version="1.0" encoding="UTF-8"?>
<testsuite name="com.karta.core.model.EdgeTest" tests="4" skipped="0" failures="0" errors="0" timestamp="2026-05-18T20:27:19.777Z" hostname="DEVERSITY-WORK1" time="0.868">
  <properties/>
  <testcase name="jsonSerializationOmitsNullLabel()" classname="com.karta.core.model.EdgeTest" time="0.713"/>
  <testcase name="constructorSetsFields()" classname="com.karta.core.model.EdgeTest" time="0.011"/>
  <testcase name="jsonRoundTrip()" classname="com.karta.core.model.EdgeTest" time="0.085"/>
  <testcase name="labelCanBeSet()" classname="com.karta.core.model.EdgeTest" time="0.002"/>
  <system-out><![CDATA[]]></system-out>
  <system-err><![CDATA[]]></system-err>
</testsuite>
