<?xml version="1.0" encoding="UTF-8"?>
<testsuite name="com.karta.cli.KartaCliTest" tests="10" skipped="0" failures="0" errors="0" timestamp="2026-05-18T20:27:17.269Z" hostname="DEVERSITY-WORK1" time="0.619">
  <properties/>
  <testcase name="svgContainsXmlDeclarationAndRootElement(Path, Path)" classname="com.karta.cli.KartaCliTest" time="0.365"/>
  <testcase name="generatesSequenceDiagram(Path, Path)" classname="com.karta.cli.KartaCliTest" time="0.084"/>
  <testcase name="svgContainsNodeLabel(Path, Path)" classname="com.karta.cli.KartaCliTest" time="0.045"/>
  <testcase name="deriveOutputNameForJavaFileLowercases()" classname="com.karta.cli.KartaCliTest" time="0.001"/>
  <testcase name="deriveOutputNameForModuleInfo()" classname="com.karta.cli.KartaCliTest" time="0.004"/>
  <testcase name="generatesClassDiagram(Path, Path)" classname="com.karta.cli.KartaCliTest" time="0.02"/>
  <testcase name="generatesModuleDiagram(Path, Path)" classname="com.karta.cli.KartaCliTest" time="0.02"/>
  <testcase name="deriveOutputNameForDirectoryUsesActualDir(Path)" classname="com.karta.cli.KartaCliTest" time="0.009"/>
  <testcase name="deriveOutputNamePreservesLowercaseName()" classname="com.karta.cli.KartaCliTest" time="0.0"/>
  <testcase name="createsOutputDirectoryIfAbsent(Path, Path)" classname="com.karta.cli.KartaCliTest" time="0.014"/>
  <system-out><![CDATA[]]></system-out>
  <system-err><![CDATA[]]></system-err>
</testsuite>
