<?xml version="1.0" encoding="UTF-8"?>
<testsuite xmlns:xsi="http://www.w3.org/2001/XMLSchema-instance" xsi:noNamespaceSchemaLocation="https://maven.apache.org/surefire/maven-surefire-plugin/xsd/surefire-test-report.xsd" version="3.0.2" name="com.karta.input.CallSequenceParserTest" time="0.31" tests="7" errors="0" skipped="0" failures="0">
  <properties>
[...]
</properties>
  <testcase name="parsesClassNode(Path)" classname="com.karta.input.CallSequenceParserTest" time="0.179"/>
  <testcase name="returnsEmptyGraphOnMalformedInput(Path)" classname="com.karta.input.CallSequenceParserTest" time="0.027">
    <system-err><![CDATA[May 18, 2026 10:26:11 PM com.karta.input.parser.CallSequenceParser parse
WARNING: Failed to parse C:\Users\isber\AppData\Local\Temp\junit-3906090887777491822\Bad.java: Parse error. Found  "not" <IDENTIFIER>, expected one of  ";" "@" "\u001a" "abstract" "class" "default" "enum" "final" "import" "interface" "module" "native" "non-sealed" "open" "private" "protected" "public" "record" "sealed" "static" "strictfp" "synchronized" "transient" "transitive" "volatile" <EOF>
Problem stacktrace : 
  com.github.javaparser.GeneratedJavaParser.generateParseException(GeneratedJavaParser.java:14041)
  com.github.javaparser.GeneratedJavaParser.jj_consume_token(GeneratedJavaParser.java:13886)
  com.github.javaparser.GeneratedJavaParser.CompilationUnit(GeneratedJavaParser.java:208)
  com.github.javaparser.JavaParser.parse(JavaParser.java:125)
  com.github.javaparser.JavaParser.parse(JavaParser.java:305)
  com.github.javaparser.JavaParserAdapter.parse(JavaParserAdapter.java:107)
  com.github.javaparser.StaticJavaParser.parse(StaticJavaParser.java:253)
  com.karta.input.parser.CallSequenceParser.parse(CallSequenceParser.java:25)
  com.karta.input.CallSequenceParserTest.returnsEmptyGraphOnMalformedInput(CallSequenceParserTest.java:106)
  java.base/jdk.internal.reflect.DirectMethodHandleAccessor.invoke(DirectMethodHandleAccessor.java:103)
  java.base/java.lang.reflect.Method.invoke(Method.java:580)
  org.junit.platform.commons.util.ReflectionUtils.invokeMethod(ReflectionUtils.java:766)
  org.junit.jupiter.engine.execution.MethodInvocation.proceed(MethodInvocation.java:60)
  org.junit.jupiter.engine.execution.InvocationInterceptorChain$ValidatingInvocation.proceed(InvocationInterceptorChain.java:131)
  org.junit.jupiter.engine.extension.TimeoutExtension.intercept(TimeoutExtension.java:156)
  org.junit.jupiter.engine.extension.TimeoutExtension.interceptTestableMethod(TimeoutExtension.java:147)
  org.junit.jupiter.engine.extension.TimeoutExtension.interceptTestMethod(TimeoutExtension.java:86)
  org.junit.jupiter.engine.execution.InterceptingExecutableInvoker$ReflectiveInterceptorCall.lambda$ofVoidMethod$0(InterceptingExecutableInvoker.java:103)
  org.junit.jupiter.engine.execution.InterceptingExecutableInvoker.lambda$invoke$0(InterceptingExecutableInvoker.java:93)
  org.junit.jupiter.engine.execution.InvocationInterceptorChain$InterceptedInvocation.proceed(InvocationInterceptorChain.java:106)
  org.junit.jupiter.engine.execution.InvocationInterceptorChain.proceed(InvocationInterceptorChain.java:64)
  org.junit.jupiter.engine.execution.InvocationInterceptorChain.chainAndInvoke(InvocationInterceptorChain.java:45)
  org.junit.jupiter.engine.execution.InvocationInterceptorChain.invoke(InvocationInterceptorChain.java:37)
  org.junit.jupiter.engine.execution.InterceptingExecutableInvoker.invoke(InterceptingExecutableInvoker.java:92)
  org.junit.jupiter.engine.execution.InterceptingExecutableInvoker.invoke(InterceptingExecutableInvoker.java:86)
  org.junit.jupiter.engine.descriptor.TestMethodTestDescriptor.lambda$invokeTestMethod$8(TestMethodTestDescriptor.java:217)
  org.junit.platform.engine.support.hierarchical.ThrowableCollector.execute(ThrowableCollector.java:73)
  org.junit.jupiter.engine.descriptor.TestMethodTestDescriptor.invokeTestMethod(TestMethodTestDescriptor.java:213)
  org.junit.jupiter.engine.descriptor.TestMethodTestDescriptor.execute(TestMethodTestDescriptor.java:138)
  org.junit.jupiter.engine.descriptor.TestMethodTestDescriptor.execute(TestMethodTestDescriptor.java:68)
  org.junit.platform.engine.support.hierarchical.NodeTestTask.lambda$executeRecursively$6(NodeTestTask.java:151)
  org.junit.platform.engine.support.hierarchical.ThrowableCollector.execute(ThrowableCollector.java:73)
  org.junit.platform.engine.support.hierarchical.NodeTestTask.lambda$executeRecursively$8(NodeTestTask.java:141)
  org.junit.platform.engine.support.hierarchical.Node.around(Node.java:137)
  org.junit.platform.engine.support.hierarchical.NodeTestTask.lambda$executeRecursively$9(NodeTestTask.java:139)
  org.junit.platform.engine.support.hierarchical.ThrowableCollector.execute(ThrowableCollector.java:73)
  org.junit.platform.engine.support.hierarchical.NodeTestTask.executeRecursively(NodeTestTask.java:138)
  org.junit.platform.engine.support.hierarchical.NodeTestTask.execute(NodeTestTask.java:95)
  java.base/java.util.ArrayList.forEach(ArrayList.java:1596)
  org.junit.platform.engine.support.hierarchical.SameThreadHierarchicalTestExecutorService.invokeAll(SameThreadHierarchicalTestExecutorService.java:41)
  org.junit.platform.engine.support.hierarchical.NodeTestTask.lambda$executeRecursively$6(NodeTestTask.java:155)
  org.junit.platform.engine.support.hierarchical.ThrowableCollector.execute(ThrowableCollector.java:73)
  org.junit.platform.engine.support.hierarchical.NodeTestTask.lambda$executeRecursively$8(NodeTestTask.java:141)
  org.junit.platform.engine.support.hierarchical.Node.around(Node.java:137)
  org.junit.platform.engine.support.hierarchical.NodeTestTask.lambda$executeRecursively$9(NodeTestTask.java:139)
  org.junit.platform.engine.support.hierarchical.ThrowableCollector.execute(ThrowableCollector.java:73)
  org.junit.platform.engine.support.hierarchical.NodeTestTask.executeRecursively(NodeTestTask.java:138)
  org.junit.platform.engine.support.hierarchical.NodeTestTask.execute(NodeTestTask.java:95)
  java.base/java.util.ArrayList.forEach(ArrayList.java:1596)
  org.junit.platform.engine.support.hierarchical.SameThreadHierarchicalTestExecutorService.invokeAll(SameThreadHierarchicalTestExecutorService.java:41)
  org.junit.platform.engine.support.hierarchical.NodeTestTask.lambda$executeRecursively$6(NodeTestTask.java:155)
  org.junit.platform.engine.support.hierarchical.ThrowableCollector.execute(ThrowableCollector.java:73)
  org.junit.platform.engine.support.hierarchical.NodeTestTask.lambda$executeRecursively$8(NodeTestTask.java:141)
  org.junit.platform.engine.support.hierarchical.Node.around(Node.java:137)
  org.junit.platform.engine.support.hierarchical.NodeTestTask.lambda$executeRecursively$9(NodeTestTask.java:139)
  org.junit.platform.engine.support.hierarchical.ThrowableCollector.execute(ThrowableCollector.java:73)
  org.junit.platform.engine.support.hierarchical.NodeTestTask.executeRecursively(NodeTestTask.java:138)
  org.junit.platform.engine.support.hierarchical.NodeTestTask.execute(NodeTestTask.java:95)
  org.junit.platform.engine.support.hierarchical.SameThreadHierarchicalTestExecutorService.submit(SameThreadHierarchicalTestExecutorService.java:35)
  org.junit.platform.engine.support.hierarchical.HierarchicalTestExecutor.execute(HierarchicalTestExecutor.java:57)
  org.junit.platform.engine.support.hierarchical.HierarchicalTestEngine.execute(HierarchicalTestEngine.java:54)
  org.junit.platform.launcher.core.EngineExecutionOrchestrator.execute(EngineExecutionOrchestrator.java:198)
  org.junit.platform.launcher.core.EngineExecutionOrchestrator.execute(EngineExecutionOrchestrator.java:169)
  org.junit.platform.launcher.core.EngineExecutionOrchestrator.execute(EngineExecutionOrchestrator.java:93)
  org.junit.platform.launcher.core.EngineExecutionOrchestrator.lambda$execute$0(EngineExecutionOrchestrator.java:58)
  org.junit.platform.launcher.core.EngineExecutionOrchestrator.withInterceptedStreams(EngineExecutionOrchestrator.java:141)
  org.junit.platform.launcher.core.EngineExecutionOrchestrator.execute(EngineExecutionOrchestrator.java:57)
  org.junit.platform.launcher.core.DefaultLauncher.execute(DefaultLauncher.java:103)
  org.junit.platform.launcher.core.DefaultLauncher.execute(DefaultLauncher.java:85)
  org.junit.platform.launcher.core.DelegatingLauncher.execute(DelegatingLauncher.java:47)
  org.apache.maven.surefire.junitplatform.LazyLauncher.execute(LazyLauncher.java:56)
  org.apache.maven.surefire.junitplatform.JUnitPlatformProvider.execute(JUnitPlatformProvider.java:184)
  org.apache.maven.surefire.junitplatform.JUnitPlatformProvider.invokeAllTests(JUnitPlatformProvider.java:148)
  org.apache.maven.surefire.junitplatform.JUnitPlatformProvider.invoke(JUnitPlatformProvider.java:122)
  org.apache.maven.surefire.booter.ForkedBooter.runSuitesInProcess(ForkedBooter.java:385)
  org.apache.maven.surefire.booter.ForkedBooter.execute(ForkedBooter.java:162)
  org.apache.maven.surefire.booter.ForkedBooter.run(ForkedBooter.java:507)
  org.apache.maven.surefire.booter.ForkedBooter.main(ForkedBooter.java:495)

]]></system-err>
  </testcase>
  <testcase name="parsesThisCallWithNoScope(Path)" classname="com.karta.input.CallSequenceParserTest" time="0.04"/>
  <testcase name="parsesMethodNode(Path)" classname="com.karta.input.CallSequenceParserTest" time="0.004"/>
  <testcase name="callEdgeCarriesSequenceLabel(Path)" classname="com.karta.input.CallSequenceParserTest" time="0.02"/>
  <testcase name="returnsEmptyGraphForNonExistentFile" classname="com.karta.input.CallSequenceParserTest" time="0.002">
    <system-err><![CDATA[May 18, 2026 10:26:11 PM com.karta.input.parser.CallSequenceParser parse
WARNING: Failed to parse no-such-file.java: no-such-file.java
]]></system-err>
  </testcase>
  <testcase name="parsesCallEdge(Path)" classname="com.karta.input.CallSequenceParserTest" time="0.005"/>
</testsuite>